<?xml version="1.0" encoding="UTF-8"?>
<!-- Generated by org.testng.reporters.JUnitReportReporter -->
<testsuite hostname="user17" failures="0" tests="2" name="runners.MyTestRunner" time="11.973" errors="0" timestamp="2024-11-19T23:03:28 IST" skipped="0">
  <testcase classname="runners.MyTestRunner" name="runScenario" time="10.355"/>
  <system-out/>
  <testcase classname="runners.MyTestRunner" name="runScenario" time="1.618"/>
  <system-out/>
</testsuite> <!-- runners.MyTestRunner -->
